Fri 12 Aug 2022 09:26:45 PM UTC: 
 tests:  0|7
total_score: 0/70
7a20ce4
Fri 12 Aug 2022 09:43:29 PM UTC: 
 exercises.c | 9 ++++++++-
 1 file changed, 8 insertions(+), 1 deletion(-)
In file included from test.c:5:
exercises.c: In function ‘sumaNultimos’:
exercises.c:46:18: error: expected expression before ‘]’ token
   46 |   x= sumaN(array[],m);
      |                  ^
exercises.c:47:7: error: assignment to ‘int *’ from ‘int’ makes pointer from integer without a cast [-Werror=int-conversion]
   47 |   suma=x;
      |       ^
exercises.c:40:7: error: variable ‘array’ set but not used [-Werror=unused-but-set-variable]
   40 |   int array[m];
      |       ^~~~~
cc1: all warnings being treated as errors
Compilation failed
f1581fa
Fri 12 Aug 2022 09:43:49 PM UTC: 
 exercises.c | 2 +-
 1 file changed, 1 insertion(+), 1 deletion(-)
In file included from test.c:5:
exercises.c: In function ‘sumaNultimos’:
exercises.c:46:18: error: expected expression before ‘]’ token
   46 |   x= sumaN(array[],m);
      |                  ^
exercises.c:40:7: error: variable ‘array’ set but not used [-Werror=unused-but-set-variable]
   40 |   int array[m];
      |       ^~~~~
cc1: all warnings being treated as errors
Compilation failed
a7b1e83
Fri 12 Aug 2022 09:44:35 PM UTC: 
 exercises.c | 2 +-
 1 file changed, 1 insertion(+), 1 deletion(-)
In file included from test.c:5:
exercises.c: In function ‘sumaNultimos’:
exercises.c:46:17: error: passing argument 1 of ‘sumaN’ makes pointer from integer without a cast [-Werror=int-conversion]
   46 |   x= sumaN(array[m],m);
      |            ~~~~~^~~
      |                 |
      |                 int
exercises.c:21:15: note: expected ‘int *’ but argument is of type ‘int’
   21 | int sumaN(int a[], int N) {
      |           ~~~~^~~
cc1: all warnings being treated as errors
Compilation failed
ec3f382
Fri 12 Aug 2022 09:57:29 PM UTC: 
 exercises.c | 2 +-
 1 file changed, 1 insertion(+), 1 deletion(-)
In file included from test.c:5:
exercises.c: In function ‘sumaNultimos’:
exercises.c:46:12: error: passing argument 1 of ‘sumaN’ makes pointer from integer without a cast [-Werror=int-conversion]
   46 |   x= sumaN(*array,m);
      |            ^~~~~~
      |            |
      |            int
exercises.c:21:15: note: expected ‘int *’ but argument is of type ‘int’
   21 | int sumaN(int a[], int N) {
      |           ~~~~^~~
cc1: all warnings being treated as errors
Compilation failed
7475058
Fri 12 Aug 2022 09:58:09 PM UTC: 
 exercises.c | 2 +-
 1 file changed, 1 insertion(+), 1 deletion(-)
In file included from test.c:5:
exercises.c: In function ‘sumaNultimos’:
exercises.c:46:12: error: passing argument 1 of ‘sumaN’ from incompatible pointer type [-Werror=incompatible-pointer-types]
   46 |   x= sumaN(&array,m);
      |            ^~~~~~
      |            |
      |            int (*)[m]
exercises.c:21:15: note: expected ‘int *’ but argument is of type ‘int (*)[m]’
   21 | int sumaN(int a[], int N) {
      |           ~~~~^~~
cc1: all warnings being treated as errors
Compilation failed
09790c0
Fri 12 Aug 2022 10:10:30 PM UTC: 
 exercises.c | 4 ++--
 1 file changed, 2 insertions(+), 2 deletions(-)
In file included from test.c:5:
exercises.c: In function ‘sumaNultimos’:
exercises.c:43:13: error: assignment to ‘int *’ from ‘int’ makes pointer from integer without a cast [-Werror=int-conversion]
   43 |     array[i]=a[i];
      |             ^
exercises.c:46:12: error: passing argument 1 of ‘sumaN’ from incompatible pointer type [-Werror=incompatible-pointer-types]
   46 |   x= sumaN(array,m);
      |            ^~~~~
      |            |
      |            int **
exercises.c:21:15: note: expected ‘int *’ but argument is of type ‘int **’
   21 | int sumaN(int a[], int N) {
      |           ~~~~^~~
cc1: all warnings being treated as errors
Compilation failed
9ae54c3
Fri 12 Aug 2022 10:12:50 PM UTC: 
 exercises.c | 4 ++--
 1 file changed, 2 insertions(+), 2 deletions(-)
In file included from test.c:5:
exercises.c: In function ‘sumaNultimos’:
exercises.c:46:18: error: expected expression before ‘]’ token
   46 |   x= sumaN(array[],m);
      |                  ^
exercises.c:40:7: error: variable ‘array’ set but not used [-Werror=unused-but-set-variable]
   40 |   int array[m];
      |       ^~~~~
cc1: all warnings being treated as errors
Compilation failed
2bf8dd1
Fri 12 Aug 2022 10:29:48 PM UTC: 
 exercises.c | 12 +++++-------
 1 file changed, 5 insertions(+), 7 deletions(-)
In file included from test.c:5:
exercises.c: In function ‘sumaNultimos’:
exercises.c:41:13: error: expected expression before ‘]’ token
   41 |   x=sumaN(a[],n);
      |             ^
exercises.c:43:9: error: subscripted value is neither array nor pointer nor vector
   43 |     k+=k[i];
      |         ^
Compilation failed
7635e3a
Fri 12 Aug 2022 10:30:05 PM UTC: 
 exercises.c | 2 +-
 1 file changed, 1 insertion(+), 1 deletion(-)
In file included from test.c:5:
exercises.c: In function ‘sumaNultimos’:
exercises.c:41:13: error: expected expression before ‘]’ token
   41 |   x=sumaN(a[],n);
      |             ^
Compilation failed
4575d02
Fri 12 Aug 2022 10:30:18 PM UTC: 
 exercises.c | 2 +-
 1 file changed, 1 insertion(+), 1 deletion(-)
In file included from test.c:5:
exercises.c: In function ‘sumaNultimos’:
exercises.c:41:12: error: passing argument 1 of ‘sumaN’ makes pointer from integer without a cast [-Werror=int-conversion]
   41 |   x=sumaN(a[n],n);
      |           ~^~~
      |            |
      |            int
exercises.c:21:15: note: expected ‘int *’ but argument is of type ‘int’
   21 | int sumaN(int a[], int N) {
      |           ~~~~^~~
cc1: all warnings being treated as errors
Compilation failed
3210f35
Fri 12 Aug 2022 10:30:35 PM UTC: 
 exercises.c | 2 +-
 1 file changed, 1 insertion(+), 1 deletion(-)
In file included from test.c:5:
exercises.c: In function ‘sumaNultimos’:
exercises.c:41:14: error: expected expression before ‘]’ token
   41 |   x=sumaN(*a[],n);
      |              ^
Compilation failed
02d6347
Fri 12 Aug 2022 10:41:27 PM UTC: 
 exercises.c | 13 +++++--------
 1 file changed, 5 insertions(+), 8 deletions(-)
test.c: In function ‘test_suma’:
test.c:61:9: error: called object ‘suma’ is not a function or function pointer
   61 |         suma(i,j, res);
      |         ^~~~
In file included from test.c:5:
exercises.c:39:48: note: declared here
   39 | void sumaNultimos(int a[], int n, int m, int * suma) {
      |                                          ~~~~~~^~~~
test.c: In function ‘sumaNultimos’:
test.c:244:5: error: ‘main’ is normally a non-static function [-Werror=main]
  244 | int main( int argc, char *argv[] ) {
      |     ^~~~
test.c:266:1: error: expected declaration or statement at end of input
  266 | }
      | ^
At top level:
test.c:244:5: error: ‘main’ defined but not used [-Werror=unused-function]
  244 | int main( int argc, char *argv[] ) {
      |     ^~~~
cc1: all warnings being treated as errors
Compilation failed
85bddcf
Fri 12 Aug 2022 10:41:48 PM UTC: 
 exercises.c | 2 +-
 1 file changed, 1 insertion(+), 1 deletion(-)
 tests:  1|6
total_score: 10/70
25dee35
Fri 12 Aug 2022 10:53:34 PM UTC: 
 exercises.c | 5 ++++-
 1 file changed, 4 insertions(+), 1 deletion(-)
In file included from test.c:5:
exercises.c: In function ‘crearVector’:
exercises.c:77:33: error: ‘vector’ undeclared (first use in this function); did you mean ‘Vector’?
   77 |    Vector * vec = malloc(sizeof(vector));
      |                                 ^~~~~~
      |                                 Vector
exercises.c:77:33: note: each undeclared identifier is reported only once for each function it appears in
Compilation failed
af989fe
Fri 12 Aug 2022 10:53:48 PM UTC: 
 exercises.c | 2 +-
 1 file changed, 1 insertion(+), 1 deletion(-)
 tests:  2|5
total_score: 20/70
39ef91d
Fri 12 Aug 2022 11:02:14 PM UTC: 
 exercises.c | 8 ++++++++
 1 file changed, 8 insertions(+)
In file included from test.c:5:
exercises.c: In function ‘sumaNultimos’:
exercises.c:44:18: error: expected expression before ‘]’ token
   44 |   x= sumaN(array[],m);
      |                  ^
exercises.c:38:7: error: variable ‘array’ set but not used [-Werror=unused-but-set-variable]
   38 |   int array[m];
      |       ^~~~~
cc1: all warnings being treated as errors
Compilation failed
f4fb9ed
Fri 12 Aug 2022 11:07:19 PM UTC: 
 exercises.c | 2 +-
 1 file changed, 1 insertion(+), 1 deletion(-)
In file included from test.c:5:
exercises.c: In function ‘sumaNultimos’:
exercises.c:44:18: error: expected expression before ‘]’ token
   44 |   x= sumaN(array[],m);
      |                  ^
exercises.c:38:7: error: variable ‘array’ set but not used [-Werror=unused-but-set-variable]
   38 |   int array[m];
      |       ^~~~~
cc1: all warnings being treated as errors
Compilation failed
78b550b
Fri 12 Aug 2022 11:07:27 PM UTC: 
 exercises.c | 9 +--------
 1 file changed, 1 insertion(+), 8 deletions(-)
 tests:  3|4
total_score: 30/70
4e96ab8
Mon 15 Aug 2022 12:27:52 AM UTC: 
 exercises.c | 10 +++++++++-
 1 file changed, 9 insertions(+), 1 deletion(-)
In file included from test.c:5:
exercises.c:88:2: error: unknown type name ‘c’
   88 | }c c44
      |  ^
exercises.c:88:7: error: expected ‘;’ before ‘void’
   88 | }c c44
      |       ^
      |       ;
......
   95 | void asignarValor(Vector * v, int i, int valor) {
      | ~~~~   
Compilation failed
74d3aba
Mon 15 Aug 2022 12:29:23 AM UTC: 
 exercises.c | 2 +-
 1 file changed, 1 insertion(+), 1 deletion(-)
In file included from test.c:5:
exercises.c:88:2: error: unknown type name ‘c’
   88 | }c c44
      |  ^
exercises.c:88:7: error: expected ‘;’ before ‘void’
   88 | }c c44
      |       ^
      |       ;
......
   95 | void asignarValor(Vector * v, int i, int valor) {
      | ~~~~   
Compilation failed
5e3fc76
Mon 15 Aug 2022 12:29:32 AM UTC: 
 exercises.c | 2 +-
 1 file changed, 1 insertion(+), 1 deletion(-)
In file included from test.c:5:
exercises.c:88:2: error: unknown type name ‘c’
   88 | }c c44
      |  ^
exercises.c:88:7: error: expected ‘;’ before ‘void’
   88 | }c c44
      |       ^
      |       ;
......
   95 | void asignarValor(Vector * v, int i, int valor) {
      | ~~~~   
Compilation failed
0aebe94
Mon 15 Aug 2022 12:29:50 AM UTC: 
 exercises.c | 2 +-
 1 file changed, 1 insertion(+), 1 deletion(-)
 tests:  3|4
total_score: 30/70
fe3f480
Mon 15 Aug 2022 12:30:10 AM UTC: 
 exercises.c | 2 +-
 1 file changed, 1 insertion(+), 1 deletion(-)
 tests:  3|4
total_score: 30/70
564c969
Mon 15 Aug 2022 12:30:20 AM UTC: 
 exercises.c | 2 +-
 1 file changed, 1 insertion(+), 1 deletion(-)
 tests:  3|4
total_score: 30/70
0970a6d
Mon 15 Aug 2022 12:30:31 AM UTC: 
 exercises.c | 2 +-
 1 file changed, 1 insertion(+), 1 deletion(-)
 tests:  3|4
total_score: 30/70
8f1c443
Mon 15 Aug 2022 12:30:44 AM UTC: 
 exercises.c | 2 +-
 1 file changed, 1 insertion(+), 1 deletion(-)
 tests:  3|4
total_score: 30/70
b7c1570
Mon 15 Aug 2022 12:31:07 AM UTC: 
 exercises.c | 4 ++--
 1 file changed, 2 insertions(+), 2 deletions(-)
 tests:  3|4
total_score: 30/70
368c228
Mon 15 Aug 2022 12:33:23 AM UTC: 
 exercises.c | 14 ++++++--------
 1 file changed, 6 insertions(+), 8 deletions(-)
In file included from test.c:5:
exercises.c: In function ‘sumaNultimos’:
exercises.c:43:3: error: invalid operands to binary * (have ‘int’ and ‘int *’)
   42 |   x1=sumaN(a,n)
      |      ~~~~~~~~~~
      |      |
      |      int
   43 |   *suma=x-x1;
      |   ^
Compilation failed
56fa91b
Mon 15 Aug 2022 12:33:55 AM UTC: 
 exercises.c | 3 ++-
 1 file changed, 2 insertions(+), 1 deletion(-)
In file included from test.c:5:
exercises.c: In function ‘sumaNultimos’:
exercises.c:42:16: error: expected ‘;’ before ‘x’
   42 |   x1=sumaN(a,n)
      |                ^
      |                ;
   43 |     x=x-x1
      |     ~           
exercises.c:39:11: error: variable ‘x1’ set but not used [-Werror=unused-but-set-variable]
   39 |   int x,c,x1;
      |           ^~
exercises.c:39:7: error: variable ‘x’ set but not used [-Werror=unused-but-set-variable]
   39 |   int x,c,x1;
      |       ^
cc1: all warnings being treated as errors
Compilation failed
8979722
Mon 15 Aug 2022 12:34:00 AM UTC: 
 exercises.c | 2 +-
 1 file changed, 1 insertion(+), 1 deletion(-)
In file included from test.c:5:
exercises.c: In function ‘sumaNultimos’:
exercises.c:44:3: error: invalid operands to binary * (have ‘int’ and ‘int *’)
   44 |   *suma=x;
      |   ^
Compilation failed
eb0edfe
Mon 15 Aug 2022 12:34:39 AM UTC: 
 exercises.c | 2 +-
 1 file changed, 1 insertion(+), 1 deletion(-)
In file included from test.c:5:
exercises.c: In function ‘sumaNultimos’:
exercises.c:44:3: error: invalid operands to binary * (have ‘int’ and ‘int *’)
   44 |   *suma=&x;
      |   ^
Compilation failed
366d8e2
